<?xml version="1.0" encoding="UTF-8" standalone="yes"?><!DOCTYPE report PUBLIC "-//JACOCO//DTD Report 1.0//EN" "report.dtd"><report name="JaCoCo"><sessioninfo id="Retina-MacBook-Pro.local-683e18f4" start="1574579076409" dump="1574579077033"/><sessioninfo id="Retina-MacBook-Pro.local-b7550b93" start="1574579325624" dump="1574579326255"/><sessioninfo id="Retina-MacBook-Pro.local-89f04234" start="1574581420277" dump="1574581420935"/><sessioninfo id="Retina-MacBook-Pro.local-299998ab" start="1574581903336" dump="1574581903989"/><sessioninfo id="Retina-MacBook-Pro.local-695ebd98" start="1574581986949" dump="1574581987288"/><sessioninfo id="Retina-MacBook-Pro.local-4891bf4c" start="1574581997687" dump="1574581998037"/><sessioninfo id="Retina-MacBook-Pro.local-67fd5463" start="1574582062470" dump="1574582063048"/><sessioninfo id="Retina-MacBook-Pro.local-13a41071" start="1574582154403" dump="1574582154762"/><sessioninfo id="Retina-MacBook-Pro.local-f0c3d497" start="1574582261473" dump="1574582262046"/><sessioninfo id="Retina-MacBook-Pro.local-fdae912c" start="1574582301668" dump="1574582302056"/><sessioninfo id="Retina-MacBook-Pro.local-ed5242c" start="1574582331567" dump="1574582331914"/><sessioninfo id="Retina-MacBook-Pro.local-89a3e10" start="1574582553018" dump="1574582553662"/><sessioninfo id="Retina-MacBook-Pro.local-2a41eab9" start="1574582577283" dump="1574582577642"/><sessioninfo id="Retina-MacBook-Pro.local-fc2d5667" start="1574582646903" dump="1574582647264"/><sessioninfo id="Retina-MacBook-Pro.local-fa5ef1e8" start="1574582714517" dump="1574582714858"/><sessioninfo id="Retina-MacBook-Pro.local-65760999" start="1574582886955" dump="1574582887535"/><sessioninfo id="Retina-MacBook-Pro.local-d82580f4" start="1574582951125" dump="1574582951496"/><sessioninfo id="Retina-MacBook-Pro.local-a3f49ad0" start="1574583043928" dump="1574583044542"/><sessioninfo id="Retina-MacBook-Pro.local-a8a5bc0c" start="1574583614010" dump="1574583614367"/><sessioninfo id="Retina-MacBook-Pro.local-aabe1410" start="1574583747254" dump="1574583747887"/><sessioninfo id="Retina-MacBook-Pro.local-a303e6b9" start="1574583916167" dump="1574583916828"/><sessioninfo id="Retina-MacBook-Pro.local-aabfc132" start="1574584233248" dump="1574584233852"/><sessioninfo id="Retina-MacBook-Pro.local-825c5204" start="1574587581637" dump="1574587582191"/><sessioninfo id="Retina-MacBook-Pro.local-e4ede263" start="1574587599921" dump="1574587600269"/><sessioninfo id="Retina-MacBook-Pro.local-dfd4a6b6" start="1574587632349" dump="1574587632687"/><sessioninfo id="Retina-MacBook-Pro.local-87c60a15" start="1574587813169" dump="1574587813768"/><sessioninfo id="Retina-MacBook-Pro.local-d76d3b9d" start="1574587823678" dump="1574587824036"/><sessioninfo id="Retina-MacBook-Pro.local-76ea162d" start="1574589131888" dump="1574589132245"/><sessioninfo id="Retina-MacBook-Pro.local-bf96892a" start="1574589158259" dump="1574589158604"/><sessioninfo id="Retina-MacBook-Pro.local-a595b6b5" start="1574589214760" dump="1574589215406"/><sessioninfo id="Retina-MacBook-Pro.local-c98acf27" start="1574589239793" dump="1574589240126"/><sessioninfo id="Retina-MacBook-Pro.local-f96011d3" start="1574589266207" dump="1574589266536"/><sessioninfo id="Retina-MacBook-Pro.local-a451f41a" start="1574589327938" dump="1574589328276"/><sessioninfo id="Retina-MacBook-Pro.local-b3b2db66" start="1574589566949" dump="1574589567593"/><package name="com/test/jacoco"><class name="com/test/jacoco/HelloWorld"><method name="&lt;init&gt;" desc="()V" line="7"><counter type="INSTRUCTION" missed="0" covered="3"/><counter type="LINE" missed="0" covered="2"/><counter type="COMPLEXITY" missed="0" covered="1"/><counter type="METHOD" missed="0" covered="1"/></method><method name="Method1" desc="()Ljava/lang/String;" line="12"><counter type="INSTRUCTION" missed="0" covered="2"/><counter type="LINE" missed="0" covered="1"/><counter type="COMPLEXITY" missed="0" covered="1"/><counter type="METHOD" missed="0" covered="1"/></method><method name="Method2" desc="(II)I" line="16"><counter type="INSTRUCTION" missed="0" covered="4"/><counter type="LINE" missed="0" covered="1"/><counter type="COMPLEXITY" missed="0" covered="1"/><counter type="METHOD" missed="0" covered="1"/></method><method name="Method3" desc="(III)I" line="20"><counter type="INSTRUCTION" missed="0" covered="26"/><counter type="BRANCH" missed="0" covered="10"/><counter type="LINE" missed="0" covered="6"/><counter type="COMPLEXITY" missed="0" covered="6"/><counter type="METHOD" missed="0" covered="1"/></method><method name="Method4" desc="(IIIIF)I" line="32"><counter type="INSTRUCTION" missed="0" covered="25"/><counter type="BRANCH" missed="1" covered="7"/><counter type="LINE" missed="0" covered="7"/><counter type="COMPLEXITY" missed="1" covered="4"/><counter type="METHOD" missed="0" covered="1"/></method><method name="bug" desc="(I)Z" line="43"><counter type="INSTRUCTION" missed="0" covered="7"/><counter type="BRANCH" missed="0" covered="2"/><counter type="LINE" missed="0" covered="2"/><counter type="COMPLEXITY" missed="0" covered="2"/><counter type="METHOD" missed="0" covered="1"/></method><method name="isTriangle" desc="(III)Z" line="53"><counter type="INSTRUCTION" missed="0" covered="19"/><counter type="BRANCH" missed="0" covered="6"/><counter type="LINE" missed="0" covered="1"/><counter type="COMPLEXITY" missed="0" covered="4"/><counter type="METHOD" missed="0" covered="1"/></method><method name="isBirthday" desc="(III)Z" line="62"><counter type="INSTRUCTION" missed="0" covered="64"/><counter type="BRANCH" missed="0" covered="30"/><counter type="LINE" missed="0" covered="9"/><counter type="COMPLEXITY" missed="0" covered="17"/><counter type="METHOD" missed="0" covered="1"/></method><method name="miniCalculator" desc="(DDC)Ljava/lang/Double;" line="96"><counter type="INSTRUCTION" missed="0" covered="28"/><counter type="BRANCH" missed="0" covered="5"/><counter type="LINE" missed="0" covered="7"/><counter type="COMPLEXITY" missed="0" covered="5"/><counter type="METHOD" missed="0" covered="1"/></method><counter type="INSTRUCTION" missed="0" covered="178"/><counter type="BRANCH" missed="1" covered="60"/><counter type="LINE" missed="0" covered="36"/><counter type="COMPLEXITY" missed="1" covered="41"/><counter type="METHOD" missed="0" covered="9"/><counter type="CLASS" missed="0" covered="1"/></class><sourcefile name="HelloWorld.java"><line nr="7" mi="0" ci="2" mb="0" cb="0"/><line nr="9" mi="0" ci="1" mb="0" cb="0"/><line nr="12" mi="0" ci="2" mb="0" cb="0"/><line nr="16" mi="0" ci="4" mb="0" cb="0"/><line nr="20" mi="0" ci="7" mb="0" cb="6"/><line nr="21" mi="0" ci="4" mb="0" cb="0"/><line nr="23" mi="0" ci="6" mb="0" cb="4"/><line nr="24" mi="0" ci="4" mb="0" cb="0"/><line nr="27" mi="0" ci="3" mb="0" cb="0"/><line nr="29" mi="0" ci="2" mb="0" cb="0"/><line nr="32" mi="0" ci="2" mb="0" cb="2"/><line nr="33" mi="0" ci="2" mb="0" cb="0"/><line nr="35" mi="0" ci="2" mb="0" cb="0"/><line nr="36" mi="0" ci="10" mb="1" cb="5"/><line nr="37" mi="0" ci="2" mb="0" cb="0"/><line nr="39" mi="0" ci="5" mb="0" cb="0"/><line nr="40" mi="0" ci="2" mb="0" cb="0"/><line nr="43" mi="0" ci="5" mb="0" cb="2"/><line nr="44" mi="0" ci="2" mb="0" cb="0"/><line nr="53" mi="0" ci="19" mb="0" cb="6"/><line nr="62" mi="0" ci="6" mb="0" cb="4"/><line nr="63" mi="0" ci="2" mb="0" cb="4"/><line nr="70" mi="0" ci="10" mb="0" cb="4"/><line nr="74" mi="0" ci="10" mb="0" cb="4"/><line nr="75" mi="0" ci="12" mb="0" cb="6"/><line nr="76" mi="0" ci="10" mb="0" cb="4"/><line nr="79" mi="0" ci="10" mb="0" cb="4"/><line nr="81" mi="0" ci="2" mb="0" cb="0"/><line nr="86" mi="0" ci="2" mb="0" cb="0"/><line nr="96" mi="0" ci="2" mb="0" cb="5"/><line nr="97" mi="0" ci="5" mb="0" cb="0"/><line nr="98" mi="0" ci="5" mb="0" cb="0"/><line nr="99" mi="0" ci="5" mb="0" cb="0"/><line nr="100" mi="0" ci="5" mb="0" cb="0"/><line nr="101" mi="0" ci="3" mb="0" cb="0"/><line nr="102" mi="0" ci="3" mb="0" cb="0"/><counter type="INSTRUCTION" missed="0" covered="178"/><counter type="BRANCH" missed="1" covered="60"/><counter type="LINE" missed="0" covered="36"/><counter type="COMPLEXITY" missed="1" covered="41"/><counter type="METHOD" missed="0" covered="9"/><counter type="CLASS" missed="0" covered="1"/></sourcefile><counter type="INSTRUCTION" missed="0" covered="178"/><counter type="BRANCH" missed="1" covered="60"/><counter type="LINE" missed="0" covered="36"/><counter type="COMPLEXITY" missed="1" covered="41"/><counter type="METHOD" missed="0" covered="9"/><counter type="CLASS" missed="0" covered="1"/></package><counter type="INSTRUCTION" missed="0" covered="178"/><counter type="BRANCH" missed="1" covered="60"/><counter type="LINE" missed="0" covered="36"/><counter type="COMPLEXITY" missed="1" covered="41"/><counter type="METHOD" missed="0" covered="9"/><counter type="CLASS" missed="0" covered="1"/></report>